0 info it worked if it ends with ok
1 verbose cli [ 'C:\\Program Files\\nodejs\\node.exe',
1 verbose cli   'C:\\Program Files\\nodejs\\node_modules\\npm\\bin\\npm-cli.js',
1 verbose cli   'run',
1 verbose cli   'test' ]
2 info using npm@3.10.3
3 info using node@v6.3.0
4 verbose run-script [ 'pretest', 'test', 'posttest' ]
5 info lifecycle easy-peasy-express@1.0.0~pretest: easy-peasy-express@1.0.0
6 silly lifecycle easy-peasy-express@1.0.0~pretest: no script for pretest, continuing
7 info lifecycle easy-peasy-express@1.0.0~test: easy-peasy-express@1.0.0
8 verbose lifecycle easy-peasy-express@1.0.0~test: unsafe-perm in lifecycle true
9 verbose lifecycle easy-peasy-express@1.0.0~test: PATH: C:\Users\duran\AppData\Roaming\nvm\v6.3.0\node_modules\npm\bin\node-gyp-bin;Z:\easy_peasy_express\node_modules\.bin;C:\Program Files\nodejs;C:\Program Files\ConEmu\ConEmu\Scripts;C:\Program Files\ConEmu;C:\Program Files\ConEmu\ConEmu;C:\Python27\;C:\Python27\Scripts;C:\ProgramData\Oracle\Java\javapath;C:\Windows\system32;C:\Windows;C:\Windows\System32\Wbem;C:\Windows\System32\WindowsPowerShell\v1.0\;C:\Program Files (x86)\NVIDIA Corporation\PhysX\Common;C:\Users\duran\AppData\Roaming\nvm;C:\Program Files\nodejs;C:\Program Files\Git\cmd;C:\Program Files\Microsoft SQL Server\130\Tools\Binn\;C:\Program Files\dotnet\;C:\Program Files (x86)\GtkSharp\2.12\bin;C:\Program Files\Microsoft\Web Platform Installer\;C:\Program Files\Git LFS;C:\Program Files (x86)\Windows Kits\10\Windows Performance Toolkit\;C:\Program Files (x86)\Windows Kits\8.1\Windows Performance Toolkit\;C:\Users\duran\AppData\Local\atom\bin;C:\Program Files\Git\bin;C:\Program Files (x86)\Microsoft Visual Studio 14.0\VC\bin;C:\Program Files (x86)\Microsoft Visual Studio 14.0\VC\include;C:\Program Files\Couchbase\Server\bin
10 verbose lifecycle easy-peasy-express@1.0.0~test: CWD: Z:\easy_peasy_express
11 silly lifecycle easy-peasy-express@1.0.0~test: Args: [ '/d /s /c',
11 silly lifecycle   'node node_modules/mocha/bin/mocha --reporter spec test/' ]
12 silly lifecycle easy-peasy-express@1.0.0~test: Returned: code: 1  signal: null
13 info lifecycle easy-peasy-express@1.0.0~test: Failed to exec test script
14 verbose stack Error: easy-peasy-express@1.0.0 test: `node node_modules/mocha/bin/mocha --reporter spec test/`
14 verbose stack Exit status 1
14 verbose stack     at EventEmitter.<anonymous> (C:\Users\duran\AppData\Roaming\nvm\v6.3.0\node_modules\npm\lib\utils\lifecycle.js:242:16)
14 verbose stack     at emitTwo (events.js:106:13)
14 verbose stack     at EventEmitter.emit (events.js:191:7)
14 verbose stack     at ChildProcess.<anonymous> (C:\Users\duran\AppData\Roaming\nvm\v6.3.0\node_modules\npm\lib\utils\spawn.js:40:14)
14 verbose stack     at emitTwo (events.js:106:13)
14 verbose stack     at ChildProcess.emit (events.js:191:7)
14 verbose stack     at maybeClose (internal/child_process.js:852:16)
14 verbose stack     at Process.ChildProcess._handle.onexit (internal/child_process.js:215:5)
15 verbose pkgid easy-peasy-express@1.0.0
16 verbose cwd Z:\easy_peasy_express
17 error Windows_NT 10.0.10240
18 error argv "C:\\Program Files\\nodejs\\node.exe" "C:\\Program Files\\nodejs\\node_modules\\npm\\bin\\npm-cli.js" "run" "test"
19 error node v6.3.0
20 error npm  v3.10.3
21 error code ELIFECYCLE
22 error easy-peasy-express@1.0.0 test: `node node_modules/mocha/bin/mocha --reporter spec test/`
22 error Exit status 1
23 error Failed at the easy-peasy-express@1.0.0 test script 'node node_modules/mocha/bin/mocha --reporter spec test/'.
23 error Make sure you have the latest version of node.js and npm installed.
23 error If you do, this is most likely a problem with the easy-peasy-express package,
23 error not with npm itself.
23 error Tell the author that this fails on your system:
23 error     node node_modules/mocha/bin/mocha --reporter spec test/
23 error You can get information on how to open an issue for this project with:
23 error     npm bugs easy-peasy-express
23 error Or if that isn't available, you can get their info via:
23 error     npm owner ls easy-peasy-express
23 error There is likely additional logging output above.
24 verbose exit [ 1, true ]
